生成启动时间为 2015/1/13 12:56:30。
     1>项目“F:\Imagine Cup\MyServer\ToolKit\ConsoleApplication1.vcxproj”在节点 2 上(Rebuild 个目标)。
     1>ClCompile:
         C:\Program Files (x86)\Microsoft Visual Studio 12.0\VC\bin\CL.exe /c /ZI /nologo /W3 /WX- /sdl /Od /Oy- /D WIN32 /D _DEBUG /D _WINDOWS /D _USRDLL /D CONSOLEAPPLICATION1_EXPORTS /D _WINDLL /D _UNICODE /D UNICODE /Gm /EHsc /RTC1 /MDd /GS /fp:precise /Zc:wchar_t /Zc:forScope /Fo"Debug\\" /Fd"Debug\vc120.pdb" /Gd /TP /analyze- /errorReport:prompt illnessAnalysis.cpp
         illnessAnalysis.cpp
     1>f:\imagine cup\myserver\toolkit\illnessanalysis.cpp(106): warning C4244: “=”: 从“double”转换到“int”，可能丢失数据
     1>f:\imagine cup\myserver\toolkit\illnessanalysis.cpp(107): warning C4244: “=”: 从“double”转换到“int”，可能丢失数据
     1>f:\imagine cup\myserver\toolkit\illnessanalysis.cpp(111): warning C4244: “=”: 从“double”转换到“int”，可能丢失数据
     1>f:\imagine cup\myserver\toolkit\illnessanalysis.cpp(112): warning C4244: “=”: 从“double”转换到“int”，可能丢失数据
     1>f:\imagine cup\myserver\toolkit\illnessanalysis.cpp(121): warning C4244: “=”: 从“double”转换到“int”，可能丢失数据
     1>f:\imagine cup\myserver\toolkit\illnessanalysis.cpp(122): warning C4244: “=”: 从“double”转换到“int”，可能丢失数据
     1>f:\imagine cup\myserver\toolkit\illnessanalysis.cpp(126): warning C4244: “=”: 从“double”转换到“int”，可能丢失数据
     1>f:\imagine cup\myserver\toolkit\illnessanalysis.cpp(127): warning C4244: “=”: 从“double”转换到“int”，可能丢失数据
       Link:
         C:\Program Files (x86)\Microsoft Visual Studio 12.0\VC\bin\link.exe /ERRORREPORT:PROMPT /OUT:"F:\Imagine Cup\MyServer\Debug\ToolKit.dll" /INCREMENTAL /NOLOGO opencv_core249d.lib opencv_imgproc249d.lib opencv_highgui249d.lib opencv_objdetect249d.lib kernel32.lib user32.lib gdi32.lib winspool.lib comdlg32.lib advapi32.lib shell32.lib ole32.lib oleaut32.lib uuid.lib odbc32.lib odbccp32.lib /MANIFEST /MANIFESTUAC:"level='asInvoker' uiAccess='false'" /manifest:embed /DEBUG /PDB:"F:\Imagine Cup\MyServer\Debug\ToolKit.pdb" /SUBSYSTEM:WINDOWS /TLBID:1 /DYNAMICBASE /NXCOMPAT /IMPLIB:"F:\Imagine Cup\MyServer\Debug\ToolKit.lib" /MACHINE:X86 /DLL Debug\illnessAnalysis.obj
            正在创建库 F:\Imagine Cup\MyServer\Debug\ToolKit.lib 和对象 F:\Imagine Cup\MyServer\Debug\ToolKit.exp
         ConsoleApplication1.vcxproj -> F:\Imagine Cup\MyServer\Debug\ToolKit.dll
     1>已完成生成项目“F:\Imagine Cup\MyServer\ToolKit\ConsoleApplication1.vcxproj”(Rebuild 个目标)的操作。

生成成功。

已用时间 00:00:06.62
